<?xml version="1.0" encoding="UTF-8"?>
<!-- Generated by org.testng.reporters.JUnitReportReporter -->
<testsuite hostname="Chirags-Macbook.local" failures="0" tests="1" name="Astro_New.Astro_PageFactory.Ycap_reporttest" time="49.745" errors="0" timestamp="2024-04-26T11:08:00 IST" skipped="0">
  <testcase classname="Astro_New.Astro_PageFactory.Ycap_reporttest" name="ycap_order_multiple_times" time="49.745"/>
</testsuite> <!-- Astro_New.Astro_PageFactory.Ycap_reporttest -->
