<?xml version="1.0" encoding="UTF-8"?>
<!-- Generated by org.testng.reporters.JUnitReportReporter -->
<testsuite hostname="Chirags-Macbook.local" failures="0" tests="1" name="Astro_New.Astro_PageFactory.main_file" time="84.353" errors="0" timestamp="2024-04-26T11:09:56 IST" skipped="0">
  <testcase classname="Astro_New.Astro_PageFactory.main_file" name="ycap_order_multiple_times" time="84.353"/>
</testsuite> <!-- Astro_New.Astro_PageFactory.main_file -->
