<?xml version="1.0" encoding="UTF-8"?>
<!-- Generated by org.testng.reporters.JUnitReportReporter -->
<testsuite hostname="Chirags-Macbook.local" failures="0" tests="1" name="Astro_New.Astro_PageFactory.Snippet" time="21.840" errors="0" timestamp="2024-04-15T13:41:34 IST" skipped="0">
  <testcase classname="Astro_New.Astro_PageFactory.Snippet" name="submit_order" time="21.840"/>
</testsuite> <!-- Astro_New.Astro_PageFactory.Snippet -->
